<?xml version="1.0" encoding="UTF-8"?>
<!-- Generated by org.testng.reporters.JUnitReportReporter -->
<testsuite hostname="DESKTOP-UVSQTOI" failures="0" tests="6" name="TestNG.dbExcelTest" time="0.014" errors="0" timestamp="2023-09-15T15:53:05 IST" skipped="0">
  <testcase classname="TestNG.dbExcelTest" name="getDataFromDataProvider" time="0.006"/>
  <system-out/>
  <testcase classname="TestNG.dbExcelTest" name="getExcelData" time="0.001"/>
  <system-out/>
  <testcase classname="TestNG.dbExcelTest" name="getDataFromDataProvider" time="0.002"/>
  <system-out/>
  <testcase classname="TestNG.dbExcelTest" name="getDataFromDataProvider" time="0.002"/>
  <system-out/>
  <testcase classname="TestNG.dbExcelTest" name="getExcelData" time="0.001"/>
  <system-out/>
  <testcase classname="TestNG.dbExcelTest" name="getExcelData" time="0.002"/>
  <system-out/>
</testsuite> <!-- TestNG.dbExcelTest -->
