<?xml version="1.0" encoding="UTF-8"?>
<!-- Generated by org.testng.reporters.JUnitReportReporter -->
<testsuite hostname="DESKTOP-UVSQTOI" failures="0" tests="2" name="com.AdminRaiseComplaint.AdminRaiseCompalintOnRegistredUser_TestNGPOMscriptPageTest" time="14.426" errors="0" timestamp="2023-09-23T11:50:19 IST" skipped="0">
  <testcase classname="com.AdminRaiseComplaint.AdminRaiseCompalintOnRegistredUser_TestNGPOMscriptPageTest" name="AdminRaiseCompalintOnRegistredUser_TestNGPOMscriptPageTest" time="5.407"/>
  <system-out/>
  <testcase classname="com.AdminRaiseComplaint.AdminRaiseCompalintOnRegistredUser_TestNGPOMscriptPageTest" name="AdminRaiseCompalintOnRegistredUser_TestNGPOMscriptPageTest" time="9.019"/>
  <system-out/>
</testsuite> <!-- com.AdminRaiseComplaint.AdminRaiseCompalintOnRegistredUser_TestNGPOMscriptPageTest -->
