<?xml version="1.0" encoding="UTF-8"?>
<!-- Generated by org.testng.reporters.JUnitReportReporter -->
<testsuite hostname="DESKTOP-UVSQTOI" failures="0" tests="2" name="TestNG.DataProviderTest" time="0.011" errors="0" timestamp="2023-09-15T13:23:00 IST" skipped="0">
  <testcase classname="TestNG.DataProviderTest" name="getDate" time="0.010"/>
  <system-out/>
  <testcase classname="TestNG.DataProviderTest" name="getDate" time="0.001"/>
  <system-out/>
</testsuite> <!-- TestNG.DataProviderTest -->
