<?xml version="1.0" encoding="UTF-8"?>
<!-- Generated by org.testng.reporters.JUnitReportReporter -->
<testsuite hostname="DESKTOP-UVSQTOI" failures="0" tests="1" name="TestNG.Demo1Test" time="1.192" errors="0" timestamp="2023-09-20T10:57:17 IST" skipped="0">
  <testcase classname="TestNG.Demo1Test" name="demo1" time="1.192"/>
  <system-out/>
</testsuite> <!-- TestNG.Demo1Test -->
