<?xml version="1.0" encoding="UTF-8"?>
<!-- Generated by org.testng.reporters.JUnitReportReporter -->
<testsuite hostname="DESKTOP-UVSQTOI" failures="0" tests="1" name="TestNG.Annotation" time="0.010" errors="0" timestamp="2023-09-19T09:55:07 IST" skipped="0">
  <testcase classname="TestNG.Annotation" name="ExecuteTest" time="0.010"/>
  <system-out/>
</testsuite> <!-- TestNG.Annotation -->
