<?xml version="1.0" encoding="UTF-8"?>
<!-- Generated by org.testng.reporters.JUnitReportReporter -->
<testsuite hostname="DESKTOP-UVSQTOI" failures="0" tests="1" name="com.AdminView.AdminViewofListOfUser_TestNgPOMScriptTest" time="1.575" errors="0" timestamp="2023-09-21T15:29:10 IST" skipped="0">
  <testcase classname="com.AdminView.AdminViewofListOfUser_TestNgPOMScriptTest" name="AdminViewofListOfUser_TestNgPOMScriptTest" time="1.575"/>
  <system-out>
    <![CDATA[AdminViewofListOfUser_TestNgPOMScriptTest ---->Execution Starts
AdminViewofListOfUser_TestNgPOMScriptTest------Testscript executed successfully]]>
  </system-out>
</testsuite> <!-- com.AdminView.AdminViewofListOfUser_TestNgPOMScriptTest -->
