<?xml version="1.0" encoding="UTF-8"?>
<!-- Generated by org.testng.reporters.JUnitReportReporter -->
<testsuite hostname="DESKTOP-UVSQTOI" failures="0" tests="1" name="TestNG.simple1test" time="1.166" errors="0" timestamp="2023-09-20T10:57:17 IST" skipped="0">
  <testcase classname="TestNG.simple1test" name="simple1" time="1.166"/>
  <system-out/>
</testsuite> <!-- TestNG.simple1test -->
